<?xml version="1.0" encoding="UTF-8"?>
<!-- Generated by org.testng.reporters.JUnitReportReporter -->
<testsuite hostname="KJay-pc" failures="0" tests="14" name="homework.ch11_13.CourseTest" time="0.016" errors="0" timestamp="13 4月 2020 09:07:38 GMT" skipped="0">
  <testcase classname="homework.ch11_13.CourseTest" name="testRegister" time="0.000"/>
  <testcase classname="homework.ch11_13.CourseTest" name="testTestEquals" time="0.001"/>
  <testcase classname="homework.ch11_13.CourseTest" name="testGetStudents" time="0.000"/>
  <testcase classname="homework.ch11_13.CourseTest" name="testGetNumberOfStudent" time="0.000"/>
  <testcase classname="homework.ch11_13.CourseTest" name="testTestEquals" time="0.000"/>
  <testcase classname="homework.ch11_13.CourseTest" name="testTestEquals" time="0.001"/>
  <testcase classname="homework.ch11_13.CourseTest" name="testTestClone" time="0.000"/>
  <testcase classname="homework.ch11_13.CourseTest" name="testTestToString" time="0.013"/>
  <testcase classname="homework.ch11_13.CourseTest" name="testUnregister" time="0.000"/>
  <testcase classname="homework.ch11_13.CourseTest" name="testTestEquals" time="0.000"/>
  <testcase classname="homework.ch11_13.CourseTest" name="testGetTeacher" time="0.000"/>
  <testcase classname="homework.ch11_13.CourseTest" name="testTestEquals" time="0.001"/>
  <testcase classname="homework.ch11_13.CourseTest" name="testTestEquals" time="0.000"/>
  <testcase classname="homework.ch11_13.CourseTest" name="testGetCourseName" time="0.000"/>
</testsuite> <!-- homework.ch11_13.CourseTest -->
